
> frontend@0.0.0 dev
> vite


  VITE v8.0.9  ready in 246 ms

  ➜  Local:   http://localhost:5173/
  ➜  Network: use --host to expose
4:13:56 AM [vite] (client) [console.warn] wrong event specified: touchleave
4:14:08 AM [vite] (client) [console.warn] wrong event specified: touchleave
4:14:31 AM [vite] (client) [console.warn] wrong event specified: touchleave
4:14:33 AM [vite] (client) [console.warn] wrong event specified: touchleave
4:14:36 AM [vite] (client) [console.warn] wrong event specified: touchleave
4:15:07 AM [vite] (client) [console.warn] wrong event specified: touchleave
4:15:16 AM [vite] (client) [console.warn] wrong event specified: touchleave
4:15:18 AM [vite] (client) [console.warn] wrong event specified: touchleave
4:15:27 AM [vite] (client) [console.warn] wrong event specified: touchleave
4:15:45 AM [vite] (client) [console.warn] wrong event specified: touchleave
4:15:54 AM [vite] (client) [console.warn] wrong event specified: touchleave
4:15:55 AM [vite] (client) [console.warn] wrong event specified: touchleave
4:16:28 AM [vite] (client) hmr update /src/components/SearchBar.jsx
4:16:29 AM [vite] (client) hmr update /src/views/Home.jsx
4:16:29 AM [vite] (client) hmr update /src/components/ResultCard.jsx
4:16:29 AM [vite] (client) hmr update /src/components/HelpModal.jsx
4:16:29 AM [vite] (client) hmr update /src/views/Results.jsx
4:16:29 AM [vite] (client) hmr update /src/views/Detail.jsx
4:16:29 AM [vite] (client) hmr update /src/app.css
4:16:29 AM [vite] (client) hmr update /src/components/MapView.jsx
4:16:29 AM [vite] (client) hmr update /src/App.jsx, /src/views/Detail.jsx
4:16:29 AM [vite] (client) hmr update /src/components/TimePicker.jsx
4:16:29 AM [vite] (client) hmr update /src/components/ToggleBuilder.jsx
4:16:30 AM [vite] (client) hmr update /src/views/Home.jsx
4:16:30 AM [vite] (client) hmr update /src/components/LocationControls.jsx
